<?xml version="1.0" encoding="UTF-8"?>
<testng-results ignored="0" total="2" passed="2" failed="0" skipped="0">
  <reporter-output>
  </reporter-output>
  <suite started-at="2024-12-18T13:27:09 IST" name="Default suite" finished-at="2024-12-18T13:27:10 IST" duration-ms="1692">
    <groups>
    </groups>
    <test started-at="2024-12-18T13:27:09 IST" name="Default test" finished-at="2024-12-18T13:27:10 IST" duration-ms="1692">
      <class name="testScripts.PlaceOrderTest">
        <test-method is-config="true" signature="setUp()[pri:0, instance:testScripts.PlaceOrderTest@299266e2]" started-at="2024-12-18T13:27:09 IST" name="setUp" finished-at="2024-12-18T13:27:09 IST" duration-ms="664" status="PASS">
          <reporter-output>
          </reporter-output>
        </test-method> <!-- setUp -->
        <test-method signature="loginTest()[pri:1, instance:testScripts.PlaceOrderTest@299266e2]" started-at="2024-12-18T13:27:09 IST" name="loginTest" finished-at="2024-12-18T13:27:10 IST" duration-ms="569" status="PASS">
          <reporter-output>
          </reporter-output>
        </test-method> <!-- loginTest -->
        <test-method signature="addItemTest()[pri:2, instance:testScripts.PlaceOrderTest@299266e2]" started-at="2024-12-18T13:27:10 IST" name="addItemTest" finished-at="2024-12-18T13:27:10 IST" duration-ms="388" status="PASS">
          <reporter-output>
          </reporter-output>
        </test-method> <!-- addItemTest -->
      </class> <!-- testScripts.PlaceOrderTest -->
    </test> <!-- Default test -->
  </suite> <!-- Default suite -->
</testng-results>
